app/build/intermediates/manifest_merge_blame_file/release/manifest-merger-blame-release-report.txt
1<?xml version="1.0" encoding="utf-8"?>
2<manifest xmlns:android="http://schemas.android.com/apk/res/android"
3    package="com.northernHibiscus.app"
4    android:versionCode="1"
5    android:versionName="1.0" >
6
7    <uses-sdk
8        android:minSdkVersion="16"
8-->src\main\AndroidManifest.xml
9        android:targetSdkVersion="29" />
9-->src\main\AndroidManifest.xml
10
11    <uses-permission android:name="android.permission.INTERNET" />
11-->src\main\AndroidManifest.xml:6:5-67
11-->src\main\AndroidManifest.xml:6:22-64
12    <uses-permission android:name="android.permission.WRITE_EXTERNAL_STORAGE" />
12-->src\main\AndroidManifest.xml:7:5-81
12-->src\main\AndroidManifest.xml:7:22-78
13    <uses-permission android:name="android.permission.ACCESS_NETWORK_STATE" />
13-->src\main\AndroidManifest.xml:8:5-79
13-->src\main\AndroidManifest.xml:8:22-76
14    <uses-permission android:name="android.permission.RECEIVE_BOOT_COMPLETED" />
14-->src\main\AndroidManifest.xml:9:5-81
14-->src\main\AndroidManifest.xml:9:22-78
15    <uses-permission android:name="android.permission.VIBRATE" />
15-->src\main\AndroidManifest.xml:10:5-66
15-->src\main\AndroidManifest.xml:10:22-63
16    <uses-permission android:name="android.permission.WAKE_LOCK" />
16-->src\main\AndroidManifest.xml:11:5-68
16-->src\main\AndroidManifest.xml:11:22-65
17    <uses-permission android:name="android.permission.GET_ACCOUNTS" />
17-->src\main\AndroidManifest.xml:12:5-71
17-->src\main\AndroidManifest.xml:12:22-68
18    <uses-permission android:name="android.permission.ACCESS_FINE_LOCATION" />
18-->src\main\AndroidManifest.xml:13:5-79
18-->src\main\AndroidManifest.xml:13:22-76
19
20    <!-- Create a unique permission for your app and use it so only your app can receive your OneSignal messages. -->
21    <permission
21-->[com.onesignal:OneSignal:3.15.1] AndroidManifest.xml:7:5-9:47
22        android:name="com.northernHibiscus.app.permission.C2D_MESSAGE"
22-->[com.onesignal:OneSignal:3.15.1] AndroidManifest.xml:8:9-63
23        android:protectionLevel="signature" />
23-->[com.onesignal:OneSignal:3.15.1] AndroidManifest.xml:9:9-44
24
25    <uses-permission android:name="com.northernHibiscus.app.permission.C2D_MESSAGE" />
25-->[com.onesignal:OneSignal:3.15.1] AndroidManifest.xml:11:5-79
25-->[com.onesignal:OneSignal:3.15.1] AndroidManifest.xml:11:22-76
26    <uses-permission android:name="com.google.android.c2dm.permission.RECEIVE" /> <!-- START: ShortcutBadger -->
26-->[com.onesignal:OneSignal:3.15.1] AndroidManifest.xml:17:5-82
26-->[com.onesignal:OneSignal:3.15.1] AndroidManifest.xml:17:22-79
27    <!-- Samsung -->
28    <uses-permission android:name="com.sec.android.provider.badge.permission.READ" />
28-->[com.onesignal:OneSignal:3.15.1] AndroidManifest.xml:31:5-86
28-->[com.onesignal:OneSignal:3.15.1] AndroidManifest.xml:31:22-83
29    <uses-permission android:name="com.sec.android.provider.badge.permission.WRITE" /> <!-- HTC -->
29-->[com.onesignal:OneSignal:3.15.1] AndroidManifest.xml:32:5-87
29-->[com.onesignal:OneSignal:3.15.1] AndroidManifest.xml:32:22-84
30    <uses-permission android:name="com.htc.launcher.permission.READ_SETTINGS" />
30-->[com.onesignal:OneSignal:3.15.1] AndroidManifest.xml:33:5-81
30-->[com.onesignal:OneSignal:3.15.1] AndroidManifest.xml:33:22-78
31    <uses-permission android:name="com.htc.launcher.permission.UPDATE_SHORTCUT" /> <!-- Sony -->
31-->[com.onesignal:OneSignal:3.15.1] AndroidManifest.xml:34:5-83
31-->[com.onesignal:OneSignal:3.15.1] AndroidManifest.xml:34:22-80
32    <uses-permission android:name="com.sonyericsson.home.permission.BROADCAST_BADGE" />
32-->[com.onesignal:OneSignal:3.15.1] AndroidManifest.xml:35:5-88
32-->[com.onesignal:OneSignal:3.15.1] AndroidManifest.xml:35:22-85
33    <uses-permission android:name="com.sonymobile.home.permission.PROVIDER_INSERT_BADGE" /> <!-- Apex -->
33-->[com.onesignal:OneSignal:3.15.1] AndroidManifest.xml:36:5-92
33-->[com.onesignal:OneSignal:3.15.1] AndroidManifest.xml:36:22-89
34    <uses-permission android:name="com.anddoes.launcher.permission.UPDATE_COUNT" /> <!-- Solid -->
34-->[com.onesignal:OneSignal:3.15.1] AndroidManifest.xml:37:5-84
34-->[com.onesignal:OneSignal:3.15.1] AndroidManifest.xml:37:22-81
35    <uses-permission android:name="com.majeur.launcher.permission.UPDATE_BADGE" /> <!-- Huawei -->
35-->[com.onesignal:OneSignal:3.15.1] AndroidManifest.xml:38:5-83
35-->[com.onesignal:OneSignal:3.15.1] AndroidManifest.xml:38:22-80
36    <uses-permission android:name="com.huawei.android.launcher.permission.CHANGE_BADGE" />
36-->[com.onesignal:OneSignal:3.15.1] AndroidManifest.xml:39:5-91
36-->[com.onesignal:OneSignal:3.15.1] AndroidManifest.xml:39:22-88
37    <uses-permission android:name="com.huawei.android.launcher.permission.READ_SETTINGS" />
37-->[com.onesignal:OneSignal:3.15.1] AndroidManifest.xml:40:5-92
37-->[com.onesignal:OneSignal:3.15.1] AndroidManifest.xml:40:22-89
38    <uses-permission android:name="com.huawei.android.launcher.permission.WRITE_SETTINGS" /> <!-- ZUK -->
38-->[com.onesignal:OneSignal:3.15.1] AndroidManifest.xml:41:5-93
38-->[com.onesignal:OneSignal:3.15.1] AndroidManifest.xml:41:22-90
39    <uses-permission android:name="android.permission.READ_APP_BADGE" /> <!-- OPPO -->
39-->[com.onesignal:OneSignal:3.15.1] AndroidManifest.xml:42:5-73
39-->[com.onesignal:OneSignal:3.15.1] AndroidManifest.xml:42:22-70
40    <uses-permission android:name="com.oppo.launcher.permission.READ_SETTINGS" />
40-->[com.onesignal:OneSignal:3.15.1] AndroidManifest.xml:43:5-82
40-->[com.onesignal:OneSignal:3.15.1] AndroidManifest.xml:43:22-79
41    <uses-permission android:name="com.oppo.launcher.permission.WRITE_SETTINGS" /> <!-- EvMe -->
41-->[com.onesignal:OneSignal:3.15.1] AndroidManifest.xml:44:5-83
41-->[com.onesignal:OneSignal:3.15.1] AndroidManifest.xml:44:22-80
42    <uses-permission android:name="me.everything.badger.permission.BADGE_COUNT_READ" />
42-->[com.onesignal:OneSignal:3.15.1] AndroidManifest.xml:45:5-88
42-->[com.onesignal:OneSignal:3.15.1] AndroidManifest.xml:45:22-85
43    <uses-permission android:name="me.everything.badger.permission.BADGE_COUNT_WRITE" />
43-->[com.onesignal:OneSignal:3.15.1] AndroidManifest.xml:46:5-89
43-->[com.onesignal:OneSignal:3.15.1] AndroidManifest.xml:46:22-86
44    <uses-permission android:name="com.google.android.finsky.permission.BIND_GET_INSTALL_REFERRER_SERVICE" />
44-->[com.google.android.gms:play-services-measurement:17.2.2] AndroidManifest.xml:26:5-110
44-->[com.google.android.gms:play-services-measurement:17.2.2] AndroidManifest.xml:26:22-107
45
46    <application
46-->src\main\AndroidManifest.xml:16:5-54:19
47        android:name="com.northernHibiscus.app.App"
47-->src\main\AndroidManifest.xml:21:9-52
48        android:allowBackup="true"
48-->src\main\AndroidManifest.xml:17:9-35
49        android:appComponentFactory="androidx.core.app.CoreComponentFactory"
49-->[androidx.core:core:1.1.0] AndroidManifest.xml:24:18-86
50        android:icon="@mipmap/ic_launcher"
50-->src\main\AndroidManifest.xml:18:9-43
51        android:label="@string/app_name"
51-->src\main\AndroidManifest.xml:19:9-41
52        android:theme="@style/AppTheme"
52-->src\main\AndroidManifest.xml:20:9-40
53        android:usesCleartextTraffic="true" >
53-->src\main\AndroidManifest.xml:22:9-44
54        <meta-data
54-->src\main\AndroidManifest.xml:24:9-26:35
55            android:name="com.google.android.gms.ads.AD_MANAGER_APP"
55-->src\main\AndroidManifest.xml:25:13-69
56            android:value="true" />
56-->src\main\AndroidManifest.xml:26:13-33
57
58        <activity
58-->src\main\AndroidManifest.xml:27:9-47:20
59            android:name="com.northernHibiscus.app.activity.MainActivity"
59-->src\main\AndroidManifest.xml:28:13-74
60            android:configChanges="keyboardHidden|keyboard|orientation|screenSize"
60-->src\main\AndroidManifest.xml:29:13-83
61            android:hardwareAccelerated="true"
61-->src\main\AndroidManifest.xml:30:13-47
62            android:label="@string/app_name"
62-->src\main\AndroidManifest.xml:32:13-45
63            android:windowSoftInputMode="adjustResize" >
63-->src\main\AndroidManifest.xml:31:13-55
64            <intent-filter>
64-->src\main\AndroidManifest.xml:33:13-36:29
65                <action android:name="android.intent.action.MAIN" />
65-->src\main\AndroidManifest.xml:34:17-69
65-->src\main\AndroidManifest.xml:34:25-66
66
67                <category android:name="android.intent.category.LAUNCHER" />
67-->src\main\AndroidManifest.xml:35:17-77
67-->src\main\AndroidManifest.xml:35:27-74
68            </intent-filter>
69            <!--
70            <intent-filter>
71                <action android:name="android.intent.action.VIEW"></action>
72                <category android:name="android.intent.category.DEFAULT"></category>
73                <category android:name="android.intent.category.BROWSABLE"></category>
74                <data android:scheme="http" android:host="mysite.com" ></data>
75                <data android:scheme="http" android:host="*.mysite.com" ></data>
76                <data android:scheme="https" android:host="mysite.com" ></data>
77                <data android:scheme="https" android:host="*.mysite.com" ></data>
78            </intent-filter>
79            -->
80        </activity>
81
82        <!-- ADS -->
83        <activity
83-->src\main\AndroidManifest.xml:50:9-51:124
84            android:name="com.google.android.gms.ads.AdActivity"
84-->src\main\AndroidManifest.xml:50:19-71
85            android:configChanges="keyboard|keyboardHidden|orientation|screenLayout|uiMode|screenSize|smallestScreenSize"
85-->src\main\AndroidManifest.xml:51:13-122
86            android:exported="false"
86-->[com.google.android.gms:play-services-ads-lite:18.3.0] AndroidManifest.xml:32:13-37
87            android:theme="@android:style/Theme.Translucent" />
87-->[com.google.android.gms:play-services-ads-lite:18.3.0] AndroidManifest.xml:33:13-61
88
89        <meta-data
89-->[com.onesignal:OneSignal:3.15.1] AndroidManifest.xml:49:9-51:51
90            android:name="onesignal_app_id"
90-->[com.onesignal:OneSignal:3.15.1] AndroidManifest.xml:50:13-44
91            android:value="" /> <!-- Deprecated - Pulled from OneSignal dashboard. -->
91-->[com.onesignal:OneSignal:3.15.1] AndroidManifest.xml:51:13-48
92        <meta-data
92-->[com.onesignal:OneSignal:3.15.1] AndroidManifest.xml:53:9-55:70
93            android:name="onesignal_google_project_number"
93-->[com.onesignal:OneSignal:3.15.1] AndroidManifest.xml:54:13-59
94            android:value="str:REMOTE" />
94-->[com.onesignal:OneSignal:3.15.1] AndroidManifest.xml:55:13-67
95
96        <receiver
96-->[com.onesignal:OneSignal:3.15.1] AndroidManifest.xml:57:9-67:20
97            android:name="com.onesignal.GcmBroadcastReceiver"
97-->[com.onesignal:OneSignal:3.15.1] AndroidManifest.xml:58:13-62
98            android:permission="com.google.android.c2dm.permission.SEND" >
98-->[com.onesignal:OneSignal:3.15.1] AndroidManifest.xml:59:13-73
99
100            <!-- High priority so OneSignal payloads can be filtered from other GCM receivers if filterOtherGCMReceivers is enabled. -->
101            <intent-filter android:priority="999" >
101-->[com.onesignal:OneSignal:3.15.1] AndroidManifest.xml:62:13-66:29
101-->[com.onesignal:OneSignal:3.15.1] AndroidManifest.xml:62:28-50
102                <action android:name="com.google.android.c2dm.intent.RECEIVE" />
102-->[com.onesignal:OneSignal:3.15.1] AndroidManifest.xml:63:17-81
102-->[com.onesignal:OneSignal:3.15.1] AndroidManifest.xml:63:25-78
103
104                <category android:name="com.northernHibiscus.app" />
104-->[com.onesignal:OneSignal:3.15.1] AndroidManifest.xml:65:17-61
104-->[com.onesignal:OneSignal:3.15.1] AndroidManifest.xml:65:27-58
105            </intent-filter>
106        </receiver>
107        <receiver android:name="com.onesignal.NotificationOpenedReceiver" />
107-->[com.onesignal:OneSignal:3.15.1] AndroidManifest.xml:68:9-77
107-->[com.onesignal:OneSignal:3.15.1] AndroidManifest.xml:68:19-74
108
109        <service
109-->[com.onesignal:OneSignal:3.15.1] AndroidManifest.xml:70:9-76:19
110            android:name="com.onesignal.HmsMessageServiceOneSignal"
110-->[com.onesignal:OneSignal:3.15.1] AndroidManifest.xml:71:13-68
111            android:exported="false" >
111-->[com.onesignal:OneSignal:3.15.1] AndroidManifest.xml:72:13-37
112            <intent-filter>
112-->[com.onesignal:OneSignal:3.15.1] AndroidManifest.xml:73:13-75:29
113                <action android:name="com.huawei.push.action.MESSAGING_EVENT" />
113-->[com.onesignal:OneSignal:3.15.1] AndroidManifest.xml:74:17-81
113-->[com.onesignal:OneSignal:3.15.1] AndroidManifest.xml:74:25-78
114            </intent-filter>
115        </service>
116
117        <activity
117-->[com.onesignal:OneSignal:3.15.1] AndroidManifest.xml:78:9-84:20
118            android:name="com.onesignal.NotificationOpenedActivityHMS"
118-->[com.onesignal:OneSignal:3.15.1] AndroidManifest.xml:79:13-71
119            android:theme="@android:style/Theme.Translucent.NoTitleBar" >
119-->[com.onesignal:OneSignal:3.15.1] AndroidManifest.xml:80:13-72
120            <intent-filter>
120-->[com.onesignal:OneSignal:3.15.1] AndroidManifest.xml:81:13-83:29
121                <action android:name="android.intent.action.VIEW" />
121-->[com.onesignal:OneSignal:3.15.1] AndroidManifest.xml:82:17-69
121-->[com.onesignal:OneSignal:3.15.1] AndroidManifest.xml:82:25-66
122            </intent-filter>
123        </activity>
124
125        <service android:name="com.onesignal.GcmIntentService" />
125-->[com.onesignal:OneSignal:3.15.1] AndroidManifest.xml:86:9-66
125-->[com.onesignal:OneSignal:3.15.1] AndroidManifest.xml:86:18-63
126        <service
126-->[com.onesignal:OneSignal:3.15.1] AndroidManifest.xml:87:9-89:72
127            android:name="com.onesignal.GcmIntentJobService"
127-->[com.onesignal:OneSignal:3.15.1] AndroidManifest.xml:88:13-61
128            android:permission="android.permission.BIND_JOB_SERVICE" />
128-->[com.onesignal:OneSignal:3.15.1] AndroidManifest.xml:89:13-69
129        <service
129-->[com.onesignal:OneSignal:3.15.1] AndroidManifest.xml:90:9-92:72
130            android:name="com.onesignal.RestoreJobService"
130-->[com.onesignal:OneSignal:3.15.1] AndroidManifest.xml:91:13-59
131            android:permission="android.permission.BIND_JOB_SERVICE" />
131-->[com.onesignal:OneSignal:3.15.1] AndroidManifest.xml:92:13-69
132        <service
132-->[com.onesignal:OneSignal:3.15.1] AndroidManifest.xml:93:9-95:72
133            android:name="com.onesignal.RestoreKickoffJobService"
133-->[com.onesignal:OneSignal:3.15.1] AndroidManifest.xml:94:13-66
134            android:permission="android.permission.BIND_JOB_SERVICE" />
134-->[com.onesignal:OneSignal:3.15.1] AndroidManifest.xml:95:13-69
135        <service
135-->[com.onesignal:OneSignal:3.15.1] AndroidManifest.xml:96:9-98:43
136            android:name="com.onesignal.SyncService"
136-->[com.onesignal:OneSignal:3.15.1] AndroidManifest.xml:97:13-53
137            android:stopWithTask="true" />
137-->[com.onesignal:OneSignal:3.15.1] AndroidManifest.xml:98:13-40
138        <service
138-->[com.onesignal:OneSignal:3.15.1] AndroidManifest.xml:99:9-101:72
139            android:name="com.onesignal.SyncJobService"
139-->[com.onesignal:OneSignal:3.15.1] AndroidManifest.xml:100:13-56
140            android:permission="android.permission.BIND_JOB_SERVICE" />
140-->[com.onesignal:OneSignal:3.15.1] AndroidManifest.xml:101:13-69
141
142        <activity
142-->[com.onesignal:OneSignal:3.15.1] AndroidManifest.xml:103:9-105:75
143            android:name="com.onesignal.PermissionsActivity"
143-->[com.onesignal:OneSignal:3.15.1] AndroidManifest.xml:104:13-61
144            android:theme="@android:style/Theme.Translucent.NoTitleBar" />
144-->[com.onesignal:OneSignal:3.15.1] AndroidManifest.xml:105:13-72
145
146        <service android:name="com.onesignal.NotificationRestoreService" />
146-->[com.onesignal:OneSignal:3.15.1] AndroidManifest.xml:107:9-76
146-->[com.onesignal:OneSignal:3.15.1] AndroidManifest.xml:107:18-73
147
148        <receiver android:name="com.onesignal.BootUpReceiver" >
148-->[com.onesignal:OneSignal:3.15.1] AndroidManifest.xml:109:9-114:20
148-->[com.onesignal:OneSignal:3.15.1] AndroidManifest.xml:109:19-62
149            <intent-filter>
149-->[com.onesignal:OneSignal:3.15.1] AndroidManifest.xml:110:13-113:29
150                <action android:name="android.intent.action.BOOT_COMPLETED" />
150-->[com.onesignal:OneSignal:3.15.1] AndroidManifest.xml:111:17-79
150-->[com.onesignal:OneSignal:3.15.1] AndroidManifest.xml:111:25-76
151                <action android:name="android.intent.action.QUICKBOOT_POWERON" />
151-->[com.onesignal:OneSignal:3.15.1] AndroidManifest.xml:112:17-82
151-->[com.onesignal:OneSignal:3.15.1] AndroidManifest.xml:112:25-79
152            </intent-filter>
153        </receiver>
154        <receiver android:name="com.onesignal.UpgradeReceiver" >
154-->[com.onesignal:OneSignal:3.15.1] AndroidManifest.xml:115:9-119:20
154-->[com.onesignal:OneSignal:3.15.1] AndroidManifest.xml:115:19-63
155            <intent-filter>
155-->[com.onesignal:OneSignal:3.15.1] AndroidManifest.xml:116:13-118:29
156                <action android:name="android.intent.action.MY_PACKAGE_REPLACED" />
156-->[com.onesignal:OneSignal:3.15.1] AndroidManifest.xml:117:17-84
156-->[com.onesignal:OneSignal:3.15.1] AndroidManifest.xml:117:25-81
157            </intent-filter>
158        </receiver>
159        <receiver
159-->[com.google.android.gms:play-services-measurement:17.2.2] AndroidManifest.xml:29:9-33:20
160            android:name="com.google.android.gms.measurement.AppMeasurementReceiver"
160-->[com.google.android.gms:play-services-measurement:17.2.2] AndroidManifest.xml:30:13-85
161            android:enabled="true"
161-->[com.google.android.gms:play-services-measurement:17.2.2] AndroidManifest.xml:31:13-35
162            android:exported="false" >
162-->[com.google.android.gms:play-services-measurement:17.2.2] AndroidManifest.xml:32:13-37
163        </receiver>
164        <receiver
164-->[com.google.android.gms:play-services-measurement:17.2.2] AndroidManifest.xml:34:9-42:20
165            android:name="com.google.android.gms.measurement.AppMeasurementInstallReferrerReceiver"
165-->[com.google.android.gms:play-services-measurement:17.2.2] AndroidManifest.xml:35:13-100
166            android:enabled="true"
166-->[com.google.android.gms:play-services-measurement:17.2.2] AndroidManifest.xml:36:13-35
167            android:exported="true"
167-->[com.google.android.gms:play-services-measurement:17.2.2] AndroidManifest.xml:37:13-36
168            android:permission="android.permission.INSTALL_PACKAGES" >
168-->[com.google.android.gms:play-services-measurement:17.2.2] AndroidManifest.xml:38:13-69
169            <intent-filter>
169-->[com.google.android.gms:play-services-measurement:17.2.2] AndroidManifest.xml:39:13-41:29
170                <action android:name="com.android.vending.INSTALL_REFERRER" />
170-->[com.google.android.gms:play-services-measurement:17.2.2] AndroidManifest.xml:40:17-79
170-->[com.google.android.gms:play-services-measurement:17.2.2] AndroidManifest.xml:40:25-76
171            </intent-filter>
172        </receiver>
173
174        <service
174-->[com.google.android.gms:play-services-measurement:17.2.2] AndroidManifest.xml:44:9-47:40
175            android:name="com.google.android.gms.measurement.AppMeasurementService"
175-->[com.google.android.gms:play-services-measurement:17.2.2] AndroidManifest.xml:45:13-84
176            android:enabled="true"
176-->[com.google.android.gms:play-services-measurement:17.2.2] AndroidManifest.xml:46:13-35
177            android:exported="false" />
177-->[com.google.android.gms:play-services-measurement:17.2.2] AndroidManifest.xml:47:13-37
178        <service
178-->[com.google.android.gms:play-services-measurement:17.2.2] AndroidManifest.xml:48:9-52:72
179            android:name="com.google.android.gms.measurement.AppMeasurementJobService"
179-->[com.google.android.gms:play-services-measurement:17.2.2] AndroidManifest.xml:49:13-87
180            android:enabled="true"
180-->[com.google.android.gms:play-services-measurement:17.2.2] AndroidManifest.xml:50:13-35
181            android:exported="false"
181-->[com.google.android.gms:play-services-measurement:17.2.2] AndroidManifest.xml:51:13-37
182            android:permission="android.permission.BIND_JOB_SERVICE" />
182-->[com.google.android.gms:play-services-measurement:17.2.2] AndroidManifest.xml:52:13-69
183        <service
183-->[com.google.android.gms:play-services-measurement-api:17.2.2] AndroidManifest.xml:27:9-33:19
184            android:name="com.google.firebase.components.ComponentDiscoveryService"
184-->[com.google.android.gms:play-services-measurement-api:17.2.2] AndroidManifest.xml:28:13-84
185            android:directBootAware="true"
185-->[com.google.firebase:firebase-common:19.3.0] AndroidManifest.xml:34:13-43
186            android:exported="false" >
186-->[com.google.android.gms:play-services-measurement-api:17.2.2] AndroidManifest.xml:29:13-37
187            <meta-data
187-->[com.google.android.gms:play-services-measurement-api:17.2.2] AndroidManifest.xml:30:13-32:85
188                android:name="com.google.firebase.components:com.google.firebase.analytics.connector.internal.AnalyticsConnectorRegistrar"
188-->[com.google.android.gms:play-services-measurement-api:17.2.2] AndroidManifest.xml:31:17-139
189                android:value="com.google.firebase.components.ComponentRegistrar" />
189-->[com.google.android.gms:play-services-measurement-api:17.2.2] AndroidManifest.xml:32:17-82
190            <meta-data
190-->[com.google.firebase:firebase-iid:20.0.2] AndroidManifest.xml:32:13-34:85
191                android:name="com.google.firebase.components:com.google.firebase.iid.Registrar"
191-->[com.google.firebase:firebase-iid:20.0.2] AndroidManifest.xml:33:17-96
192                android:value="com.google.firebase.components.ComponentRegistrar" />
192-->[com.google.firebase:firebase-iid:20.0.2] AndroidManifest.xml:34:17-82
193        </service>
194        <!--
195             FirebaseMessagingService performs security checks at runtime,
196             but set to not exported to explicitly avoid allowing another app to call it.
197        -->
198        <service
198-->[com.google.firebase:firebase-messaging:20.0.0] AndroidManifest.xml:28:9-34:19
199            android:name="com.google.firebase.messaging.FirebaseMessagingService"
199-->[com.google.firebase:firebase-messaging:20.0.0] AndroidManifest.xml:29:13-82
200            android:exported="false" >
200-->[com.google.firebase:firebase-messaging:20.0.0] AndroidManifest.xml:30:13-37
201            <intent-filter android:priority="-500" >
201-->[com.google.firebase:firebase-messaging:20.0.0] AndroidManifest.xml:31:13-33:29
201-->[com.google.firebase:firebase-messaging:20.0.0] AndroidManifest.xml:31:28-51
202                <action android:name="com.google.firebase.MESSAGING_EVENT" />
202-->[com.google.firebase:firebase-messaging:20.0.0] AndroidManifest.xml:32:17-78
202-->[com.google.firebase:firebase-messaging:20.0.0] AndroidManifest.xml:32:25-75
203            </intent-filter>
204        </service>
205
206        <receiver
206-->[com.google.firebase:firebase-iid:20.0.2] AndroidManifest.xml:37:9-44:20
207            android:name="com.google.firebase.iid.FirebaseInstanceIdReceiver"
207-->[com.google.firebase:firebase-iid:20.0.2] AndroidManifest.xml:38:13-78
208            android:exported="true"
208-->[com.google.firebase:firebase-iid:20.0.2] AndroidManifest.xml:39:13-36
209            android:permission="com.google.android.c2dm.permission.SEND" >
209-->[com.google.firebase:firebase-iid:20.0.2] AndroidManifest.xml:40:13-73
210            <intent-filter>
210-->[com.google.firebase:firebase-iid:20.0.2] AndroidManifest.xml:41:13-43:29
211                <action android:name="com.google.android.c2dm.intent.RECEIVE" />
211-->[com.onesignal:OneSignal:3.15.1] AndroidManifest.xml:63:17-81
211-->[com.onesignal:OneSignal:3.15.1] AndroidManifest.xml:63:25-78
212            </intent-filter>
213        </receiver>
214
215        <activity
215-->[com.google.android.gms:play-services-base:17.0.0] AndroidManifest.xml:23:9-26:75
216            android:name="com.google.android.gms.common.api.GoogleApiActivity"
216-->[com.google.android.gms:play-services-base:17.0.0] AndroidManifest.xml:24:13-79
217            android:exported="false"
217-->[com.google.android.gms:play-services-base:17.0.0] AndroidManifest.xml:25:13-37
218            android:theme="@android:style/Theme.Translucent.NoTitleBar" />
218-->[com.google.android.gms:play-services-base:17.0.0] AndroidManifest.xml:26:13-72
219
220        <provider
220-->[com.google.android.gms:play-services-ads-lite:18.3.0] AndroidManifest.xml:35:9-39:39
221            android:name="com.google.android.gms.ads.MobileAdsInitProvider"
221-->[com.google.android.gms:play-services-ads-lite:18.3.0] AndroidManifest.xml:36:13-76
222            android:authorities="com.northernHibiscus.app.mobileadsinitprovider"
222-->[com.google.android.gms:play-services-ads-lite:18.3.0] AndroidManifest.xml:37:13-73
223            android:exported="false"
223-->[com.google.android.gms:play-services-ads-lite:18.3.0] AndroidManifest.xml:38:13-37
224            android:initOrder="100" />
224-->[com.google.android.gms:play-services-ads-lite:18.3.0] AndroidManifest.xml:39:13-36
225        <provider
225-->[com.google.firebase:firebase-common:19.3.0] AndroidManifest.xml:26:9-30:39
226            android:name="com.google.firebase.provider.FirebaseInitProvider"
226-->[com.google.firebase:firebase-common:19.3.0] AndroidManifest.xml:27:13-77
227            android:authorities="com.northernHibiscus.app.firebaseinitprovider"
227-->[com.google.firebase:firebase-common:19.3.0] AndroidManifest.xml:28:13-72
228            android:exported="false"
228-->[com.google.firebase:firebase-common:19.3.0] AndroidManifest.xml:29:13-37
229            android:initOrder="100" />
229-->[com.google.firebase:firebase-common:19.3.0] AndroidManifest.xml:30:13-36
230
231        <meta-data
231-->[com.google.android.gms:play-services-basement:17.0.0] AndroidManifest.xml:23:9-25:69
232            android:name="com.google.android.gms.version"
232-->[com.google.android.gms:play-services-basement:17.0.0] AndroidManifest.xml:24:13-58
233            android:value="@integer/google_play_services_version" />
233-->[com.google.android.gms:play-services-basement:17.0.0] AndroidManifest.xml:25:13-66
234    </application>
235
236</manifest>